<?xml version="1.0" encoding="UTF-8" ?>
<testsuite tests="2" failures="0" name="com.product.feature.a" time="0.525" errors="1" skipped="0">
  <properties>
    <property name="java.runtime.name" value="Java(TM) SE Runtime Environment"/>
  </properties>
  <testcase classname="com.product.feature.a" name="validateSchema_correct" time="0.475">
    <error message="class path resource [json/correctSchema-v3.json] cannot be opened because it does not exist" type="java.io.FileNotFoundException">java.io.FileNotFoundException: class path resource [json/correctSchema-v3.json] cannot be opened because it does not exist
      at org.springframework.core.io.ClassPathResource.getInputStream(ClassPathResource.java:172)
      at com.product.feature.a.validateSchema_correct(JsonValidatorTest.java:18)
      at sun.reflect.NativeMethodAccessorImpl.invoke0(Native Method)
      at sun.reflect.NativeMethodAccessorImpl.invoke(NativeMethodAccessorImpl.java:62)
      at sun.reflect.DelegatingMethodAccessorImpl.invoke(DelegatingMethodAccessorImpl.java:43)
      at java.lang.reflect.Method.invoke(Method.java:497)
      at org.junit.runners.model.FrameworkMethod$1.runReflectiveCall(FrameworkMethod.java:47)
      at org.junit.internal.runners.model.ReflectiveCallable.run(ReflectiveCallable.java:12)
      at org.junit.runners.model.FrameworkMethod.invokeExplosively(FrameworkMethod.java:44)
      at org.junit.internal.runners.statements.InvokeMethod.evaluate(InvokeMethod.java:17)
      at org.junit.runners.ParentRunner.runLeaf(ParentRunner.java:271)
      at org.junit.runners.BlockJUnit4ClassRunner.runChild(BlockJUnit4ClassRunner.java:70)
      at org.junit.runners.BlockJUnit4ClassRunner.runChild(BlockJUnit4ClassRunner.java:50)
      at org.junit.runners.ParentRunner$3.run(ParentRunner.java:238)
      at org.junit.runners.ParentRunner$1.schedule(ParentRunner.java:63)
      at org.junit.runners.ParentRunner.runChildren(ParentRunner.java:236)
      at org.junit.runners.ParentRunner.access$000(ParentRunner.java:53)
      at org.junit.runners.ParentRunner$2.evaluate(ParentRunner.java:229)
      at org.junit.runners.ParentRunner.run(ParentRunner.java:309)
      at org.apache.maven.surefire.junit4.JUnit4TestSet.execute(JUnit4TestSet.java:53)
      at org.apache.maven.surefire.junit4.JUnit4Provider.executeTestSet(JUnit4Provider.java:119)
      at org.apache.maven.surefire.junit4.JUnit4Provider.invoke(JUnit4Provider.java:101)
      at sun.reflect.NativeMethodAccessorImpl.invoke0(Native Method)
      at sun.reflect.NativeMethodAccessorImpl.invoke(NativeMethodAccessorImpl.java:62)
      at sun.reflect.DelegatingMethodAccessorImpl.invoke(DelegatingMethodAccessorImpl.java:43)
      at java.lang.reflect.Method.invoke(Method.java:497)
      at org.apache.maven.surefire.booter.ProviderFactory$ClassLoaderProxy.invoke(ProviderFactory.java:103)
      at com.sun.proxy.$Proxy0.invoke(Unknown Source)
      at org.apache.maven.surefire.booter.SurefireStarter.invokeProvider(SurefireStarter.java:150)
      at org.apache.maven.surefire.booter.SurefireStarter.runSuitesInProcess(SurefireStarter.java:91)
      at org.apache.maven.surefire.booter.ForkedBooter.main(ForkedBooter.java:69)
    </error>
    <system-out>@HL
      @HL-------------------------------------------------------
      @HL T E S T S
      @HL-------------------------------------------------------
      @SLRunning com.product.feature.a
    </system-out>
  </testcase>
  <testcase name="validateSchema_incorrect2" time="0.023" classname="com.product.feature.a"/>
  <testcase classname="com.product.feature.a" name="validateSchema_incorrect" time="0.013"/>
</testsuite>